mode: set
atommuse/backend/exhibition-service/handler/exhibihandler/create-exhibition.go:23.52,27.55 2 0
atommuse/backend/exhibition-service/handler/exhibihandler/create-exhibition.go:27.55,30.3 2 0
atommuse/backend/exhibition-service/handler/exhibihandler/create-exhibition.go:33.2,34.16 2 0
atommuse/backend/exhibition-service/handler/exhibihandler/create-exhibition.go:34.16,37.3 2 0
atommuse/backend/exhibition-service/handler/exhibihandler/create-exhibition.go:40.2,40.57 1 0
atommuse/backend/exhibition-service/handler/exhibihandler/delete-exhibition.go:26.52,30.16 3 0
atommuse/backend/exhibition-service/handler/exhibihandler/delete-exhibition.go:30.16,34.43 2 0
atommuse/backend/exhibition-service/handler/exhibihandler/delete-exhibition.go:34.43,36.4 1 0
atommuse/backend/exhibition-service/handler/exhibihandler/delete-exhibition.go:36.9,38.4 1 0
atommuse/backend/exhibition-service/handler/exhibihandler/delete-exhibition.go:39.3,39.9 1 0
atommuse/backend/exhibition-service/handler/exhibihandler/delete-exhibition.go:43.2,43.52 1 0
atommuse/backend/exhibition-service/handler/exhibihandler/get-exhibition.go:22.53,24.16 2 0
atommuse/backend/exhibition-service/handler/exhibihandler/get-exhibition.go:24.16,28.3 3 0
atommuse/backend/exhibition-service/handler/exhibihandler/get-exhibition.go:31.2,31.36 1 0
atommuse/backend/exhibition-service/handler/exhibihandler/get-exhibition.go:48.53,52.16 3 0
atommuse/backend/exhibition-service/handler/exhibihandler/get-exhibition.go:52.16,57.3 3 0
atommuse/backend/exhibition-service/handler/exhibihandler/get-exhibition.go:60.2,60.35 1 0
atommuse/backend/exhibition-service/pkg/repositorty/exhibirepo/exhibition.go:18.104,26.16 3 0
atommuse/backend/exhibition-service/pkg/repositorty/exhibirepo/exhibition.go:26.16,28.3 1 0
atommuse/backend/exhibition-service/pkg/repositorty/exhibirepo/exhibition.go:29.2,33.54 3 0
atommuse/backend/exhibition-service/pkg/repositorty/exhibirepo/exhibition.go:33.54,35.3 1 0
atommuse/backend/exhibition-service/pkg/repositorty/exhibirepo/exhibition.go:37.2,37.25 1 0
atommuse/backend/exhibition-service/pkg/repositorty/exhibirepo/exhibition.go:40.124,43.16 2 0
atommuse/backend/exhibition-service/pkg/repositorty/exhibirepo/exhibition.go:43.16,45.3 1 0
atommuse/backend/exhibition-service/pkg/repositorty/exhibirepo/exhibition.go:48.2,55.16 4 0
atommuse/backend/exhibition-service/pkg/repositorty/exhibirepo/exhibition.go:55.16,57.3 1 0
atommuse/backend/exhibition-service/pkg/repositorty/exhibirepo/exhibition.go:58.2,61.23 2 0
atommuse/backend/exhibition-service/pkg/repositorty/exhibirepo/exhibition.go:61.23,63.3 1 0
atommuse/backend/exhibition-service/pkg/repositorty/exhibirepo/exhibition.go:66.2,67.51 2 0
atommuse/backend/exhibition-service/pkg/repositorty/exhibirepo/exhibition.go:67.51,69.3 1 0
atommuse/backend/exhibition-service/pkg/repositorty/exhibirepo/exhibition.go:71.2,71.25 1 0
atommuse/backend/exhibition-service/pkg/repositorty/exhibirepo/exhibition.go:74.139,76.16 2 0
atommuse/backend/exhibition-service/pkg/repositorty/exhibirepo/exhibition.go:76.16,78.3 1 0
atommuse/backend/exhibition-service/pkg/repositorty/exhibirepo/exhibition.go:81.2,82.9 2 0
atommuse/backend/exhibition-service/pkg/repositorty/exhibirepo/exhibition.go:82.9,84.3 1 0
atommuse/backend/exhibition-service/pkg/repositorty/exhibirepo/exhibition.go:86.2,86.23 1 0
atommuse/backend/exhibition-service/pkg/repositorty/exhibirepo/exhibition.go:89.94,92.16 2 0
atommuse/backend/exhibition-service/pkg/repositorty/exhibirepo/exhibition.go:92.16,94.3 1 0
atommuse/backend/exhibition-service/pkg/repositorty/exhibirepo/exhibition.go:97.2,104.16 4 0
atommuse/backend/exhibition-service/pkg/repositorty/exhibirepo/exhibition.go:104.16,106.3 1 0
atommuse/backend/exhibition-service/pkg/repositorty/exhibirepo/exhibition.go:107.2,110.23 2 0
atommuse/backend/exhibition-service/pkg/repositorty/exhibirepo/exhibition.go:110.23,112.3 1 0
atommuse/backend/exhibition-service/pkg/repositorty/exhibirepo/exhibition.go:115.2,116.51 2 0
atommuse/backend/exhibition-service/pkg/repositorty/exhibirepo/exhibition.go:116.51,118.3 1 0
atommuse/backend/exhibition-service/pkg/repositorty/exhibirepo/exhibition.go:121.2,122.16 2 0
atommuse/backend/exhibition-service/pkg/repositorty/exhibirepo/exhibition.go:122.16,124.3 1 0
atommuse/backend/exhibition-service/pkg/repositorty/exhibirepo/exhibition.go:126.2,126.36 1 0
atommuse/backend/exhibition-service/pkg/repositorty/exhibirepo/exhibition.go:126.36,128.3 1 0
atommuse/backend/exhibition-service/pkg/repositorty/exhibirepo/exhibition.go:130.2,130.12 1 0
atommuse/backend/exhibition-service/pkg/service/exhibition.go:16.111,18.2 1 0
atommuse/backend/exhibition-service/pkg/service/exhibition.go:20.131,22.2 1 0
atommuse/backend/exhibition-service/pkg/service/exhibition.go:24.146,26.2 1 0
atommuse/backend/exhibition-service/pkg/service/exhibition.go:28.101,30.2 1 0
