mode: atomic
atommuse/backend/exhibition-service/handler/exhibihandler/create-exhibition.go:23.52,27.55 2 0
atommuse/backend/exhibition-service/handler/exhibihandler/create-exhibition.go:27.55,30.3 2 0
atommuse/backend/exhibition-service/handler/exhibihandler/create-exhibition.go:33.2,34.16 2 0
atommuse/backend/exhibition-service/handler/exhibihandler/create-exhibition.go:34.16,37.3 2 0
atommuse/backend/exhibition-service/handler/exhibihandler/create-exhibition.go:40.2,40.57 1 0
atommuse/backend/exhibition-service/handler/exhibihandler/delete-exhibition.go:26.52,30.16 3 0
atommuse/backend/exhibition-service/handler/exhibihandler/delete-exhibition.go:30.16,34.43 2 0
atommuse/backend/exhibition-service/handler/exhibihandler/delete-exhibition.go:34.43,36.4 1 0
atommuse/backend/exhibition-service/handler/exhibihandler/delete-exhibition.go:36.9,38.4 1 0
atommuse/backend/exhibition-service/handler/exhibihandler/delete-exhibition.go:39.3,39.9 1 0
atommuse/backend/exhibition-service/handler/exhibihandler/delete-exhibition.go:43.2,43.52 1 0
atommuse/backend/exhibition-service/handler/exhibihandler/get-exhibition.go:22.53,24.16 2 0
atommuse/backend/exhibition-service/handler/exhibihandler/get-exhibition.go:24.16,28.3 3 0
atommuse/backend/exhibition-service/handler/exhibihandler/get-exhibition.go:31.2,31.36 1 0
atommuse/backend/exhibition-service/handler/exhibihandler/get-exhibition.go:48.53,52.16 3 0
atommuse/backend/exhibition-service/handler/exhibihandler/get-exhibition.go:52.16,57.3 3 0
atommuse/backend/exhibition-service/handler/exhibihandler/get-exhibition.go:60.2,60.35 1 0
atommuse/backend/exhibition-service/pkg/service/exhibition.go:24.110,26.2 1 0
atommuse/backend/exhibition-service/pkg/service/exhibition.go:28.130,30.2 1 0
atommuse/backend/exhibition-service/pkg/service/exhibition.go:32.145,34.2 1 0
atommuse/backend/exhibition-service/pkg/service/exhibition.go:36.100,38.2 1 0
atommuse/backend/exhibition-service/pkg/repositorty/exhibirepo/exhibition.go:25.107,33.16 3 0
atommuse/backend/exhibition-service/pkg/repositorty/exhibirepo/exhibition.go:33.16,35.3 1 0
atommuse/backend/exhibition-service/pkg/repositorty/exhibirepo/exhibition.go:36.2,40.54 3 0
atommuse/backend/exhibition-service/pkg/repositorty/exhibirepo/exhibition.go:40.54,42.3 1 0
atommuse/backend/exhibition-service/pkg/repositorty/exhibirepo/exhibition.go:44.2,44.25 1 0
atommuse/backend/exhibition-service/pkg/repositorty/exhibirepo/exhibition.go:47.127,50.16 2 0
atommuse/backend/exhibition-service/pkg/repositorty/exhibirepo/exhibition.go:50.16,52.3 1 0
atommuse/backend/exhibition-service/pkg/repositorty/exhibirepo/exhibition.go:55.2,62.16 4 0
atommuse/backend/exhibition-service/pkg/repositorty/exhibirepo/exhibition.go:62.16,64.3 1 0
atommuse/backend/exhibition-service/pkg/repositorty/exhibirepo/exhibition.go:65.2,68.23 2 0
atommuse/backend/exhibition-service/pkg/repositorty/exhibirepo/exhibition.go:68.23,70.3 1 0
atommuse/backend/exhibition-service/pkg/repositorty/exhibirepo/exhibition.go:73.2,74.51 2 0
atommuse/backend/exhibition-service/pkg/repositorty/exhibirepo/exhibition.go:74.51,76.3 1 0
atommuse/backend/exhibition-service/pkg/repositorty/exhibirepo/exhibition.go:78.2,78.25 1 0
atommuse/backend/exhibition-service/pkg/repositorty/exhibirepo/exhibition.go:81.142,83.16 2 0
atommuse/backend/exhibition-service/pkg/repositorty/exhibirepo/exhibition.go:83.16,85.3 1 0
atommuse/backend/exhibition-service/pkg/repositorty/exhibirepo/exhibition.go:88.2,89.9 2 0
atommuse/backend/exhibition-service/pkg/repositorty/exhibirepo/exhibition.go:89.9,91.3 1 0
atommuse/backend/exhibition-service/pkg/repositorty/exhibirepo/exhibition.go:93.2,93.23 1 0
atommuse/backend/exhibition-service/pkg/repositorty/exhibirepo/exhibition.go:96.97,99.16 2 0
atommuse/backend/exhibition-service/pkg/repositorty/exhibirepo/exhibition.go:99.16,101.3 1 0
atommuse/backend/exhibition-service/pkg/repositorty/exhibirepo/exhibition.go:104.2,111.16 4 0
atommuse/backend/exhibition-service/pkg/repositorty/exhibirepo/exhibition.go:111.16,113.3 1 0
atommuse/backend/exhibition-service/pkg/repositorty/exhibirepo/exhibition.go:114.2,117.23 2 0
atommuse/backend/exhibition-service/pkg/repositorty/exhibirepo/exhibition.go:117.23,119.3 1 0
atommuse/backend/exhibition-service/pkg/repositorty/exhibirepo/exhibition.go:122.2,123.51 2 0
atommuse/backend/exhibition-service/pkg/repositorty/exhibirepo/exhibition.go:123.51,125.3 1 0
atommuse/backend/exhibition-service/pkg/repositorty/exhibirepo/exhibition.go:128.2,129.16 2 0
atommuse/backend/exhibition-service/pkg/repositorty/exhibirepo/exhibition.go:129.16,131.3 1 0
atommuse/backend/exhibition-service/pkg/repositorty/exhibirepo/exhibition.go:133.2,133.36 1 0
atommuse/backend/exhibition-service/pkg/repositorty/exhibirepo/exhibition.go:133.36,135.3 1 0
atommuse/backend/exhibition-service/pkg/repositorty/exhibirepo/exhibition.go:137.2,137.12 1 0
